\BOOKMARK [0][-]{chapter.1}{\376\377\000W\000s\000t\001\031\000p}{}% 1
\BOOKMARK [0][-]{chapter.2}{\376\377\000A\000r\000c\000h\000i\000t\000e\000k\000t\000u\000r\000a\000\040\000i\000\040\000t\000e\000c\000h\000n\000o\000l\000o\000g\000i\000e}{}% 2
\BOOKMARK [1][-]{section.2.1}{\376\377\000W\000y\000k\000o\000r\000z\000y\000s\000t\000a\000n\000e\000\040\000t\000e\000c\000h\000n\000o\000l\000o\000g\000i\000e}{chapter.2}% 3
\BOOKMARK [1][-]{section.2.2}{\376\377\000S\000t\000r\000u\000k\000t\000u\000r\000a\000\040\000m\000o\000d\000u\001\102\000o\000w\000a}{chapter.2}% 4
\BOOKMARK [0][-]{chapter.3}{\376\377\000A\000u\000t\000o\000r\000s\000k\000a\000\040\000i\000m\000p\000l\000e\000m\000e\000n\000t\000a\000c\000j\000a}{}% 5
\BOOKMARK [1][-]{section.3.1}{\376\377\000Z\000a\000r\000z\001\005\000d\000z\000a\000n\000i\000e\000\040\000s\000e\000s\000j\001\005\000\040\000i\000\040\000d\000a\000n\000y\000m\000i\000\040\000b\000i\000o\000m\000e\000t\000r\000y\000c\000z\000n\000y\000m\000i}{chapter.3}% 6
\BOOKMARK [1][-]{section.3.2}{\376\377\000O\000p\000t\000y\000m\000a\000l\000i\000z\000a\000c\000j\000a\000\040\000w\000y\000d\000a\000j\000n\000o\001\133\000c\000i\000\040\000p\000o\000p\000r\000z\000e\000z\000\040\001\133\000l\000e\000d\000z\000e\000n\000i\000e\000\040\000o\000b\000i\000e\000k\000t\000\363\000w}{chapter.3}% 7
\BOOKMARK [1][-]{section.3.3}{\376\377\000A\000u\000t\000o\000r\000s\000k\000i\000\040\000a\000l\000g\000o\000r\000y\000t\000m\000\040\000a\000n\000a\000l\000i\000z\000y\000\040\000e\000m\000o\000c\000j\000i}{chapter.3}% 8
\BOOKMARK [2][-]{subsection.3.3.1}{\376\377\000K\000a\000l\000i\000b\000r\000a\000c\000j\000a\000\040\000s\000p\000e\000r\000s\000o\000n\000a\000l\000i\000z\000o\000w\000a\000n\000e\000g\000o\000\040\000m\000o\000d\000e\000l\000u}{section.3.3}% 9
\BOOKMARK [2][-]{subsection.3.3.2}{\376\377\000G\000e\000o\000m\000e\000t\000r\000y\000c\000z\000n\000a\000\040\000a\000n\000a\000l\000i\000z\000a\000\040\000c\000e\000c\000h}{section.3.3}% 10
\BOOKMARK [2][-]{subsection.3.3.3}{\376\377\000W\000n\000i\000o\000s\000k\000o\000w\000a\000n\000i\000e\000\040\000o\000p\000a\000r\000t\000e\000\040\000n\000a\000\040\000r\000e\000g\000u\001\102\000a\000c\000h}{section.3.3}% 11
\BOOKMARK [1][-]{section.3.4}{\376\377\000P\000r\000z\000y\000k\001\102\000a\000d\000o\000w\000y\000\040\000l\000i\000s\000t\000i\000n\000g\000\040\000k\000o\000d\000u}{chapter.3}% 12
\BOOKMARK [2][-]{subsection.3.4.1}{\376\377\000W\001\005\000t\000e\000k\000\040\000p\000r\000z\000e\000c\000h\000w\000y\000t\000y\000w\000a\000n\000i\000a\000\040\000w\000i\000d\000e\000o}{section.3.4}% 13
\BOOKMARK [2][-]{subsection.3.4.2}{\376\377\000R\000e\000j\000e\000s\000t\000r\000a\000c\000j\000a\000\040\000n\000o\000w\000y\000c\000h\000\040\000u\001\174\000y\000t\000k\000o\000w\000n\000i\000k\000\363\000w}{section.3.4}% 14
\BOOKMARK [2][-]{subsection.3.4.3}{\376\377\000P\000r\000o\000c\000e\000s\000\040\000u\000w\000i\000e\000r\000z\000y\000t\000e\000l\000n\000i\000a\000n\000i\000a}{section.3.4}% 15
\BOOKMARK [1][-]{section.3.5}{\376\377\000I\000n\000s\000t\000r\000u\000k\000c\000j\000a\000\040\000u\000r\000u\000c\000h\000o\000m\000i\000e\000n\000i\000a\000\040\000i\000\040\000o\000b\000s\001\102\000u\000g\000i}{chapter.3}% 16
\BOOKMARK [1][-]{section.3.6}{\376\377\000Z\000a\000l\000e\001\174\000n\000o\001\133\001\007\000\040\000o\000d\000\040\000p\000l\000i\000k\000u\000\040\000s\000h\000a\000p\000e\000\137\000p\000r\000e\000d\000i\000c\000t\000o\000r\000\137\0006\0008\000\137\000f\000a\000c\000e\000\137\000l\000a\000n\000d\000m\000a\000r\000k\000s\000.\000d\000a\000t}{chapter.3}% 17
\BOOKMARK [0][-]{chapter.4}{\376\377\000W\000y\000n\000i\000k\000i\000\040\000i\000\040\000d\000y\000s\000k\000u\000s\000j\000a}{}% 18
\BOOKMARK [1][-]{section.4.1}{\376\377\000W\000y\000d\000a\000j\000n\000o\001\133\001\007\000\040\000s\000y\000s\000t\000e\000m\000u}{chapter.4}% 19
\BOOKMARK [1][-]{section.4.2}{\376\377\000M\000o\001\174\000l\000i\000w\000o\001\133\000c\000i\000\040\000i\000m\000p\000l\000e\000m\000e\000n\000t\000a\000c\000y\000j\000n\000e\000\040\000i\000\040\000k\000i\000e\000r\000u\000n\000k\000i\000\040\000r\000o\000z\000w\000o\000j\000u}{chapter.4}% 20
\BOOKMARK [0][-]{chapter.5}{\376\377\000P\000o\000d\000s\000u\000m\000o\000w\000a\000n\000i\000e}{}% 21
\BOOKMARK [1][-]{section*.4}{\376\377\000B\000i\000b\000l\000i\000o\000g\000r\000a\000f\000i\000a}{chapter.5}% 22
\BOOKMARK [1][-]{chapter*.5}{\376\377\000S\000p\000i\000s\000\040\000r\000y\000s\000u\000n\000k\000\363\000w}{chapter.5}% 23
\BOOKMARK [1][-]{chapter*.5}{\376\377\000S\000p\000i\000s\000\040\000t\000a\000b\000e\000l}{chapter.5}% 24
\BOOKMARK [1][-]{chapter*.5}{\376\377\000S\000p\000i\000s\000\040\000l\000i\000s\000t\000i\000n\000g\000\363\000w}{chapter.5}% 25
\BOOKMARK [1][-]{chapter*.7}{\376\377\000O\001\133\000w\000i\000a\000d\000c\000z\000e\000n\000i\000e\000\040\000s\000t\000u\000d\000e\000n\000t\000a\000\040\000o\000\040\000s\000a\000m\000o\000d\000z\000i\000e\000l\000n\000o\001\133\000c\000i\000\040\000p\000r\000a\000c\000y}{chapter.5}% 26
